<?xml version="1.0" encoding="UTF-8"?>
<!-- Generated by org.testng.reporters.JUnitReportReporter -->
<testsuite hostname="DESKTOP-CA13F5O" failures="0" tests="1" name="test.TestNGKite" time="16.538" errors="0" timestamp="2022-02-02T13:28:00 IST" skipped="0">
  <testcase classname="test.TestNGKite" name="verifyTheHeader" time="16.538"/>
  <system-out/>
</testsuite> <!-- test.TestNGKite -->
